# JRE version: Java(TM) SE Runtime Environment (8.0_211-b12) (build 1.8.0_211-b12)
# Java VM: Java HotSpot(TM) 64-Bit Server VM (25.211-b12 mixed mode windows-amd64 compressed oops)
Heap:
 PSYoungGen      total 380928K, used 111746K [0x00000000d5580000, 0x00000000ef100000, 0x0000000100000000)
  eden space 368128K, 29% used [0x00000000d5580000,0x00000000dc1509c0,0x00000000ebd00000)
  from space 12800K, 10% used [0x00000000ebd00000,0x00000000ebe50000,0x00000000ec980000)
  to   space 12800K, 0% used [0x00000000ee480000,0x00000000ee480000,0x00000000ef100000)
 ParOldGen       total 85504K, used 50905K [0x0000000080000000, 0x0000000085380000, 0x00000000d5580000)
  object space 85504K, 59% used [0x0000000080000000,0x00000000831b66f0,0x0000000085380000)
 Metaspace       used 43474K, capacity 45668K, committed 45824K, reserved 1089536K
  class space    used 5907K, capacity 6343K, committed 6400K, reserved 1048576K
GC Heap History (10 events):
Event: 89.783 GC heap before
{Heap before GC invocations=62 (full 3):
 PSYoungGen      total 378880K, used 368768K [0x00000000d5580000, 0x00000000ed680000, 0x0000000100000000)
  eden space 365568K, 100% used [0x00000000d5580000,0x00000000eba80000,0x00000000eba80000)
  from space 13312K, 24% used [0x00000000ec980000,0x00000000ecca0000,0x00000000ed680000)
  to   space 14336K, 0% used [0x00000000eba80000,0x00000000eba80000,0x00000000ec880000)
 ParOldGen       total 85504K, used 46744K [0x0000000080000000, 0x0000000085380000, 0x00000000d5580000)
  object space 85504K, 54% used [0x0000000080000000,0x0000000082da6070,0x0000000085380000)
 Metaspace       used 43334K, capacity 45476K, committed 45568K, reserved 1089536K
  class space    used 5903K, capacity 6343K, committed 6400K, reserved 1048576K
Event: 89.791 GC heap after
Heap after GC invocations=62 (full 3):
 PSYoungGen      total 379904K, used 4303K [0x00000000d5580000, 0x00000000ed680000, 0x0000000100000000)
  eden space 365568K, 0% used [0x00000000d5580000,0x00000000d5580000,0x00000000eba80000)
  from space 14336K, 30% used [0x00000000eba80000,0x00000000ebeb3e30,0x00000000ec880000)
  to   space 13312K, 0% used [0x00000000ec980000,0x00000000ec980000,0x00000000ed680000)
 ParOldGen       total 85504K, used 48544K [0x0000000080000000, 0x0000000085380000, 0x00000000d5580000)
  object space 85504K, 56% used [0x0000000080000000,0x0000000082f68070,0x0000000085380000)
 Metaspace       used 43334K, capacity 45476K, committed 45568K, reserved 1089536K
  class space    used 5903K, capacity 6343K, committed 6400K, reserved 1048576K
}
Event: 90.480 GC heap before
{Heap before GC invocations=63 (full 3):
 PSYoungGen      total 379904K, used 369871K [0x00000000d5580000, 0x00000000ed680000, 0x0000000100000000)
  eden space 365568K, 100% used [0x00000000d5580000,0x00000000eba80000,0x00000000eba80000)
  from space 14336K, 30% used [0x00000000eba80000,0x00000000ebeb3e30,0x00000000ec880000)
  to   space 13312K, 0% used [0x00000000ec980000,0x00000000ec980000,0x00000000ed680000)
 ParOldGen       total 85504K, used 48544K [0x0000000080000000, 0x0000000085380000, 0x00000000d5580000)
  object space 85504K, 56% used [0x0000000080000000,0x0000000082f68070,0x0000000085380000)
 Metaspace       used 43404K, capacity 45540K, committed 45824K, reserved 1089536K
  class space    used 5907K, capacity 6343K, committed 6400K, reserved 1048576K
Event: 90.491 GC heap after
Heap after GC invocations=63 (full 3):
 PSYoungGen      total 378880K, used 5120K [0x00000000d5580000, 0x00000000ed680000, 0x0000000100000000)
  eden space 365568K, 0% used [0x00000000d5580000,0x00000000d5580000,0x00000000eba80000)
  from space 13312K, 38% used [0x00000000ec980000,0x00000000ece80048,0x00000000ed680000)
  to   space 14336K, 0% used [0x00000000eba80000,0x00000000eba80000,0x00000000ec880000)
 ParOldGen       total 85504K, used 50164K [0x0000000080000000, 0x0000000085380000, 0x00000000d5580000)
  object space 85504K, 58% used [0x0000000080000000,0x00000000830fd080,0x0000000085380000)
 Metaspace       used 43404K, capacity 45540K, committed 45824K, reserved 1089536K
  class space    used 5907K, capacity 6343K, committed 6400K, reserved 1048576K
}
Event: 91.115 GC heap before
{Heap before GC invocations=64 (full 3):
 PSYoungGen      total 378880K, used 370688K [0x00000000d5580000, 0x00000000ed680000, 0x0000000100000000)
  eden space 365568K, 100% used [0x00000000d5580000,0x00000000eba80000,0x00000000eba80000)
  from space 13312K, 38% used [0x00000000ec980000,0x00000000ece80048,0x00000000ed680000)
  to   space 14336K, 0% used [0x00000000eba80000,0x00000000eba80000,0x00000000ec880000)
 ParOldGen       total 85504K, used 50164K [0x0000000080000000, 0x0000000085380000, 0x00000000d5580000)
  object space 85504K, 58% used [0x0000000080000000,0x00000000830fd080,0x0000000085380000)
 Metaspace       used 43431K, capacity 45604K, committed 45824K, reserved 1089536K
  class space    used 5907K, capacity 6343K, committed 6400K, reserved 1048576K
Event: 91.119 GC heap after
Heap after GC invocations=64 (full 3):
 PSYoungGen      total 379904K, used 768K [0x00000000d5580000, 0x00000000ed680000, 0x0000000100000000)
  eden space 365568K, 0% used [0x00000000d5580000,0x00000000d5580000,0x00000000eba80000)
  from space 14336K, 5% used [0x00000000eba80000,0x00000000ebb40000,0x00000000ec880000)
  to   space 13312K, 0% used [0x00000000ec980000,0x00000000ec980000,0x00000000ed680000)
 ParOldGen       total 85504K, used 50897K [0x0000000080000000, 0x0000000085380000, 0x00000000d5580000)
  object space 85504K, 59% used [0x0000000080000000,0x00000000831b46f0,0x0000000085380000)
 Metaspace       used 43431K, capacity 45604K, committed 45824K, reserved 1089536K
  class space    used 5907K, capacity 6343K, committed 6400K, reserved 1048576K
}
Event: 91.732 GC heap before
{Heap before GC invocations=65 (full 3):
 PSYoungGen      total 379904K, used 366336K [0x00000000d5580000, 0x00000000ed680000, 0x0000000100000000)
  eden space 365568K, 100% used [0x00000000d5580000,0x00000000eba80000,0x00000000eba80000)
  from space 14336K, 5% used [0x00000000eba80000,0x00000000ebb40000,0x00000000ec880000)
  to   space 13312K, 0% used [0x00000000ec980000,0x00000000ec980000,0x00000000ed680000)
 ParOldGen       total 85504K, used 50897K [0x0000000080000000, 0x0000000085380000, 0x00000000d5580000)
  object space 85504K, 59% used [0x0000000080000000,0x00000000831b46f0,0x0000000085380000)
 Metaspace       used 43459K, capacity 45604K, committed 45824K, reserved 1089536K
  class space    used 5907K, capacity 6343K, committed 6400K, reserved 1048576K
Event: 91.735 GC heap after
Heap after GC invocations=65 (full 3):
 PSYoungGen      total 381440K, used 800K [0x00000000d5580000, 0x00000000ef100000, 0x0000000100000000)
  eden space 368128K, 0% used [0x00000000d5580000,0x00000000d5580000,0x00000000ebd00000)
  from space 13312K, 6% used [0x00000000ec980000,0x00000000eca48000,0x00000000ed680000)
  to   space 12800K, 0% used [0x00000000ebd00000,0x00000000ebd00000,0x00000000ec980000)
 ParOldGen       total 85504K, used 50905K [0x0000000080000000, 0x0000000085380000, 0x00000000d5580000)
  object space 85504K, 59% used [0x0000000080000000,0x00000000831b66f0,0x0000000085380000)
 Metaspace       used 43459K, capacity 45604K, committed 45824K, reserved 1089536K
  class space    used 5907K, capacity 6343K, committed 6400K, reserved 1048576K
}
Event: 92.303 GC heap before
{Heap before GC invocations=66 (full 3):
 PSYoungGen      total 381440K, used 368928K [0x00000000d5580000, 0x00000000ef100000, 0x0000000100000000)
  eden space 368128K, 100% used [0x00000000d5580000,0x00000000ebd00000,0x00000000ebd00000)
  from space 13312K, 6% used [0x00000000ec980000,0x00000000eca48000,0x00000000ed680000)
  to   space 12800K, 0% used [0x00000000ebd00000,0x00000000ebd00000,0x00000000ec980000)
 ParOldGen       total 85504K, used 50905K [0x0000000080000000, 0x0000000085380000, 0x00000000d5580000)
  object space 85504K, 59% used [0x0000000080000000,0x00000000831b66f0,0x0000000085380000)
 Metaspace       used 43468K, capacity 45668K, committed 45824K, reserved 1089536K
  class space    used 5907K, capacity 6343K, committed 6400K, reserved 1048576K
Event: 92.306 GC heap after
Heap after GC invocations=66 (full 3):
 PSYoungGen      total 380928K, used 1344K [0x00000000d5580000, 0x00000000ef100000, 0x0000000100000000)
  eden space 368128K, 0% used [0x00000000d5580000,0x00000000d5580000,0x00000000ebd00000)
  from space 12800K, 10% used [0x00000000ebd00000,0x00000000ebe50000,0x00000000ec980000)
  to   space 12800K, 0% used [0x00000000ee480000,0x00000000ee480000,0x00000000ef100000)
 ParOldGen       total 85504K, used 50905K [0x0000000080000000, 0x0000000085380000, 0x00000000d5580000)
  object space 85504K, 59% used [0x0000000080000000,0x00000000831b66f0,0x0000000085380000)
 Metaspace       used 43468K, capacity 45668K, committed 45824K, reserved 1089536K
  class space    used 5907K, capacity 6343K, committed 6400K, reserved 1048576K
}

