# JRE version: Java(TM) SE Runtime Environment (8.0_211-b12) (build 1.8.0_211-b12)
# Java VM: Java HotSpot(TM) 64-Bit Server VM (25.211-b12 mixed mode windows-amd64 compressed oops)
Heap:
 PSYoungGen      total 138240K, used 47185K [0x00000000d5580000, 0x00000000e1f80000, 0x0000000100000000)
  eden space 128512K, 29% used [0x00000000d5580000,0x00000000d7a17468,0x00000000dd300000)
  from space 9728K, 99% used [0x00000000dd300000,0x00000000ddc7cfb0,0x00000000ddc80000)
  to   space 12800K, 0% used [0x00000000e1300000,0x00000000e1300000,0x00000000e1f80000)
 ParOldGen       total 34816K, used 13217K [0x0000000080000000, 0x0000000082200000, 0x00000000d5580000)
  object space 34816K, 37% used [0x0000000080000000,0x0000000080ce87b8,0x0000000082200000)
 Metaspace       used 32761K, capacity 34290K, committed 34560K, reserved 1079296K
  class space    used 4685K, capacity 5027K, committed 5120K, reserved 1048576K
GC Heap History (10 events):
Event: 4.838 GC heap before
{Heap before GC invocations=6 (full 0):
 PSYoungGen      total 35328K, used 35296K [0x00000000d5580000, 0x00000000da080000, 0x0000000100000000)
  eden space 32768K, 100% used [0x00000000d5580000,0x00000000d7580000,0x00000000d7580000)
  from space 2560K, 98% used [0x00000000d7580000,0x00000000d77f8020,0x00000000d7800000)
  to   space 5632K, 0% used [0x00000000d9b00000,0x00000000d9b00000,0x00000000da080000)
 ParOldGen       total 44032K, used 4891K [0x0000000080000000, 0x0000000082b00000, 0x00000000d5580000)
  object space 44032K, 11% used [0x0000000080000000,0x00000000804c6c68,0x0000000082b00000)
 Metaspace       used 13561K, capacity 13962K, committed 14080K, reserved 1060864K
  class space    used 1884K, capacity 2003K, committed 2048K, reserved 1048576K
Event: 4.846 GC heap after
Heap after GC invocations=6 (full 0):
 PSYoungGen      total 70144K, used 5608K [0x00000000d5580000, 0x00000000da280000, 0x0000000100000000)
  eden space 64512K, 0% used [0x00000000d5580000,0x00000000d5580000,0x00000000d9480000)
  from space 5632K, 99% used [0x00000000d9b00000,0x00000000da07a288,0x00000000da080000)
  to   space 6656K, 0% used [0x00000000d9480000,0x00000000d9480000,0x00000000d9b00000)
 ParOldGen       total 44032K, used 5507K [0x0000000080000000, 0x0000000082b00000, 0x00000000d5580000)
  object space 44032K, 12% used [0x0000000080000000,0x0000000080560d48,0x0000000082b00000)
 Metaspace       used 13561K, capacity 13962K, committed 14080K, reserved 1060864K
  class space    used 1884K, capacity 2003K, committed 2048K, reserved 1048576K
}
Event: 5.634 GC heap before
{Heap before GC invocations=7 (full 0):
 PSYoungGen      total 70144K, used 70120K [0x00000000d5580000, 0x00000000da280000, 0x0000000100000000)
  eden space 64512K, 100% used [0x00000000d5580000,0x00000000d9480000,0x00000000d9480000)
  from space 5632K, 99% used [0x00000000d9b00000,0x00000000da07a288,0x00000000da080000)
  to   space 6656K, 0% used [0x00000000d9480000,0x00000000d9480000,0x00000000d9b00000)
 ParOldGen       total 44032K, used 5507K [0x0000000080000000, 0x0000000082b00000, 0x00000000d5580000)
  object space 44032K, 12% used [0x0000000080000000,0x0000000080560d48,0x0000000082b00000)
 Metaspace       used 18088K, capacity 18686K, committed 18944K, reserved 1064960K
  class space    used 2608K, capacity 2797K, committed 2816K, reserved 1048576K
Event: 5.655 GC heap after
Heap after GC invocations=7 (full 0):
 PSYoungGen      total 71168K, used 6642K [0x00000000d5580000, 0x00000000de580000, 0x0000000100000000)
  eden space 64512K, 0% used [0x00000000d5580000,0x00000000d5580000,0x00000000d9480000)
  from space 6656K, 99% used [0x00000000d9480000,0x00000000d9afc800,0x00000000d9b00000)
  to   space 9216K, 0% used [0x00000000ddc80000,0x00000000ddc80000,0x00000000de580000)
 ParOldGen       total 44032K, used 8273K [0x0000000080000000, 0x0000000082b00000, 0x00000000d5580000)
  object space 44032K, 18% used [0x0000000080000000,0x00000000808145d0,0x0000000082b00000)
 Metaspace       used 18088K, capacity 18686K, committed 18944K, reserved 1064960K
  class space    used 2608K, capacity 2797K, committed 2816K, reserved 1048576K
}
Event: 6.094 GC heap before
{Heap before GC invocations=8 (full 0):
 PSYoungGen      total 71168K, used 38464K [0x00000000d5580000, 0x00000000de580000, 0x0000000100000000)
  eden space 64512K, 49% used [0x00000000d5580000,0x00000000d7493918,0x00000000d9480000)
  from space 6656K, 99% used [0x00000000d9480000,0x00000000d9afc800,0x00000000d9b00000)
  to   space 9216K, 0% used [0x00000000ddc80000,0x00000000ddc80000,0x00000000de580000)
 ParOldGen       total 44032K, used 8273K [0x0000000080000000, 0x0000000082b00000, 0x00000000d5580000)
  object space 44032K, 18% used [0x0000000080000000,0x00000000808145d0,0x0000000082b00000)
 Metaspace       used 20369K, capacity 21088K, committed 21248K, reserved 1067008K
  class space    used 2987K, capacity 3208K, committed 3328K, reserved 1048576K
Event: 6.103 GC heap after
Heap after GC invocations=8 (full 0):
 PSYoungGen      total 137728K, used 6675K [0x00000000d5580000, 0x00000000de680000, 0x0000000100000000)
  eden space 128512K, 0% used [0x00000000d5580000,0x00000000d5580000,0x00000000dd300000)
  from space 9216K, 72% used [0x00000000ddc80000,0x00000000de304fc8,0x00000000de580000)
  to   space 9728K, 0% used [0x00000000dd300000,0x00000000dd300000,0x00000000ddc80000)
 ParOldGen       total 44032K, used 8841K [0x0000000080000000, 0x0000000082b00000, 0x00000000d5580000)
  object space 44032K, 20% used [0x0000000080000000,0x00000000808a25d0,0x0000000082b00000)
 Metaspace       used 20369K, capacity 21088K, committed 21248K, reserved 1067008K
  class space    used 2987K, capacity 3208K, committed 3328K, reserved 1048576K
}
Event: 6.103 GC heap before
{Heap before GC invocations=9 (full 1):
 PSYoungGen      total 137728K, used 6675K [0x00000000d5580000, 0x00000000de680000, 0x0000000100000000)
  eden space 128512K, 0% used [0x00000000d5580000,0x00000000d5580000,0x00000000dd300000)
  from space 9216K, 72% used [0x00000000ddc80000,0x00000000de304fc8,0x00000000de580000)
  to   space 9728K, 0% used [0x00000000dd300000,0x00000000dd300000,0x00000000ddc80000)
 ParOldGen       total 44032K, used 8841K [0x0000000080000000, 0x0000000082b00000, 0x00000000d5580000)
  object space 44032K, 20% used [0x0000000080000000,0x00000000808a25d0,0x0000000082b00000)
 Metaspace       used 20369K, capacity 21088K, committed 21248K, reserved 1067008K
  class space    used 2987K, capacity 3208K, committed 3328K, reserved 1048576K
Event: 6.161 GC heap after
Heap after GC invocations=9 (full 1):
 PSYoungGen      total 137728K, used 0K [0x00000000d5580000, 0x00000000de680000, 0x0000000100000000)
  eden space 128512K, 0% used [0x00000000d5580000,0x00000000d5580000,0x00000000dd300000)
  from space 9216K, 0% used [0x00000000ddc80000,0x00000000ddc80000,0x00000000de580000)
  to   space 9728K, 0% used [0x00000000dd300000,0x00000000dd300000,0x00000000ddc80000)
 ParOldGen       total 34816K, used 9458K [0x0000000080000000, 0x0000000082200000, 0x00000000d5580000)
  object space 34816K, 27% used [0x0000000080000000,0x000000008093cba8,0x0000000082200000)
 Metaspace       used 20369K, capacity 21088K, committed 21248K, reserved 1067008K
  class space    used 2987K, capacity 3208K, committed 3328K, reserved 1048576K
}
Event: 7.968 GC heap before
{Heap before GC invocations=10 (full 1):
 PSYoungGen      total 137728K, used 127458K [0x00000000d5580000, 0x00000000de680000, 0x0000000100000000)
  eden space 128512K, 99% used [0x00000000d5580000,0x00000000dd1f8ba8,0x00000000dd300000)
  from space 9216K, 0% used [0x00000000ddc80000,0x00000000ddc80000,0x00000000de580000)
  to   space 9728K, 0% used [0x00000000dd300000,0x00000000dd300000,0x00000000ddc80000)
 ParOldGen       total 34816K, used 9458K [0x0000000080000000, 0x0000000082200000, 0x00000000d5580000)
  object space 34816K, 27% used [0x0000000080000000,0x000000008093cba8,0x0000000082200000)
 Metaspace       used 31287K, capacity 32784K, committed 33152K, reserved 1077248K
  class space    used 4566K, capacity 4873K, committed 4992K, reserved 1048576K
Event: 8.009 GC heap after
Heap after GC invocations=10 (full 1):
 PSYoungGen      total 138240K, used 9715K [0x00000000d5580000, 0x00000000e1f80000, 0x0000000100000000)
  eden space 128512K, 0% used [0x00000000d5580000,0x00000000d5580000,0x00000000dd300000)
  from space 9728K, 99% used [0x00000000dd300000,0x00000000ddc7cfb0,0x00000000ddc80000)
  to   space 12800K, 0% used [0x00000000e1300000,0x00000000e1300000,0x00000000e1f80000)
 ParOldGen       total 34816K, used 13217K [0x0000000080000000, 0x0000000082200000, 0x00000000d5580000)
  object space 34816K, 37% used [0x0000000080000000,0x0000000080ce87b8,0x0000000082200000)
 Metaspace       used 31287K, capacity 32784K, committed 33152K, reserved 1077248K
  class space    used 4566K, capacity 4873K, committed 4992K, reserved 1048576K
}

